<?xml version="1.0" encoding="UTF-8"?>
<!-- Generated by org.testng.reporters.JUnitReportReporter -->
<testsuite hostname="Subhash" failures="0" tests="1" name="rest.RestClass" time="2.997" errors="0" timestamp="2025-06-04T21:35:26 IST" skipped="0">
  <testcase classname="rest.RestClass" name="testMethod" time="2.997"/>
</testsuite> <!-- rest.RestClass -->
