<?xml version="1.0" encoding="UTF-8"?>
<!-- Generated by org.testng.reporters.JUnitReportReporter -->
<testsuite hostname="Subhash" failures="0" tests="1" name="rest.demo" time="4.972" errors="0" timestamp="2025-06-05T22:31:54 IST" skipped="0">
  <testcase classname="rest.demo" name="testM" time="4.972"/>
</testsuite> <!-- rest.demo -->
